2025-03-17 20:06:25.790 [main] DEBUG c.c.b.conventer.DefaultTypeConverter - Converted string value '2023-12-25 12:34:56' to type 'java.util.Date'
2025-03-17 20:06:25.798 [main] DEBUG c.c.b.conventer.DefaultTypeConverter - Converted string value '123.45' to type 'java.math.BigDecimal'
2025-03-17 20:06:25.799 [main] DEBUG c.c.b.conventer.DefaultTypeConverter - Converted string value '123' to type 'java.math.BigInteger'
2025-03-17 20:06:25.800 [main] DEBUG c.c.b.conventer.DefaultTypeConverter - Converted string value '123' to type 'int'
2025-03-17 20:06:25.801 [main] DEBUG c.c.b.conventer.DefaultTypeConverter - Converted string value '123' to type 'java.lang.Integer'
2025-03-17 20:06:25.801 [main] DEBUG c.c.b.conventer.DefaultTypeConverter - Converted string value '123' to type 'long'
2025-03-17 20:06:25.801 [main] DEBUG c.c.b.conventer.DefaultTypeConverter - Converted string value '123' to type 'java.lang.Long'
2025-03-17 20:06:25.801 [main] DEBUG c.c.b.conventer.DefaultTypeConverter - Converted string value '123.45' to type 'double'
2025-03-17 20:06:25.801 [main] DEBUG c.c.b.conventer.DefaultTypeConverter - Converted string value '123.45' to type 'java.lang.Double'
2025-03-17 20:06:25.801 [main] DEBUG c.c.b.conventer.DefaultTypeConverter - Converted string value 'true' to type 'boolean'
2025-03-17 20:06:25.801 [main] DEBUG c.c.b.conventer.DefaultTypeConverter - Converted string value 'true' to type 'java.lang.Boolean'
2025-03-17 20:06:25.801 [main] DEBUG c.c.b.conventer.DefaultTypeConverter - Converted string value 'A' to type 'char'
2025-03-17 20:06:25.801 [main] DEBUG c.c.b.conventer.DefaultTypeConverter - Converted string value 'A' to type 'java.lang.Character'
2025-03-17 20:06:25.804 [main] DEBUG c.c.b.conventer.DefaultTypeConverter - Registered converter for type 'com.cong.beans.conventer.DefaultTypeConverterTest$CustomType'
2025-03-17 20:06:25.804 [main] DEBUG c.c.b.conventer.DefaultTypeConverter - Converted string value 'test' to type 'com.cong.beans.conventer.DefaultTypeConverterTest$CustomType'
2025-03-17 20:12:04.899 [main] DEBUG c.c.b.f.s.DefaultListableBeanFactory - Registered bean definition for bean named 'lifecycleBean'
2025-03-17 20:12:04.901 [main] DEBUG c.c.b.f.s.DefaultListableBeanFactory - Created bean 'lifecycleBean' using default constructor
2025-03-17 20:12:04.902 [main] DEBUG c.c.b.f.s.DefaultListableBeanFactory - Added factory for singleton bean 'lifecycleBean' to third-level cache
2025-03-17 20:12:04.902 [main] DEBUG c.c.b.f.s.DefaultListableBeanFactory - Invoked init-method 'init' of bean 'lifecycleBean'
2025-03-17 20:12:04.902 [main] DEBUG c.c.b.f.s.DefaultListableBeanFactory - Added singleton bean 'lifecycleBean' to primary cache
2025-03-17 20:12:04.905 [main] DEBUG c.c.b.f.s.DefaultListableBeanFactory - Created bean 'lifecycleBean' using default constructor
2025-03-17 20:12:04.906 [main] DEBUG c.c.b.f.s.DefaultListableBeanFactory - Invoked init-method 'init' of bean 'lifecycleBean'
2025-03-17 20:12:04.906 [main] DEBUG c.c.b.f.s.DefaultListableBeanFactory - Instantiated prototype bean 'lifecycleBean'
2025-03-17 20:12:04.906 [main] DEBUG c.c.b.f.s.DefaultListableBeanFactory - Created bean 'lifecycleBean' using default constructor
2025-03-17 20:12:04.906 [main] DEBUG c.c.b.f.s.DefaultListableBeanFactory - Invoked init-method 'init' of bean 'lifecycleBean'
2025-03-17 20:12:04.906 [main] DEBUG c.c.b.f.s.DefaultListableBeanFactory - Instantiated prototype bean 'lifecycleBean'
2025-03-17 20:12:04.906 [main] DEBUG c.c.b.f.s.DefaultListableBeanFactory - Invoked destroy-method 'destroy' of bean 'lifecycleBean'
2025-03-17 20:12:04.906 [main] DEBUG c.c.b.f.s.DefaultListableBeanFactory - Destroyed all singleton beans
2025-03-17 20:12:04.913 [main] DEBUG c.c.b.f.s.DefaultListableBeanFactory - Registered bean definition for bean named 'testBean'
2025-03-17 20:12:04.915 [main] DEBUG c.c.b.f.s.DefaultListableBeanFactory - Registered bean definition for bean named 'testBean'
2025-03-17 20:12:04.915 [main] DEBUG c.c.b.f.support.SimpleAliasRegistry - Registered alias 'alias' for name 'testBean'
2025-03-17 20:12:04.915 [main] DEBUG c.c.b.f.s.DefaultListableBeanFactory - Registered bean definition for bean named 'anotherBean'
2025-03-17 20:12:04.916 [main] DEBUG c.c.b.f.support.SimpleAliasRegistry - Registered alias 'alias1' for name 'testBean'
2025-03-17 20:12:04.917 [main] DEBUG c.c.b.f.support.SimpleAliasRegistry - Registered alias 'alias2' for name 'alias1'
2025-03-17 20:12:04.917 [main] DEBUG c.c.b.f.s.DefaultListableBeanFactory - Registered bean definition for bean named 'testBean'
2025-03-17 20:12:04.918 [main] DEBUG c.c.b.f.s.DefaultListableBeanFactory - Created bean 'testBean' using default constructor
2025-03-17 20:12:04.918 [main] DEBUG c.c.b.f.s.DefaultListableBeanFactory - Added factory for singleton bean 'testBean' to third-level cache
2025-03-17 20:12:04.918 [main] DEBUG c.c.b.f.s.DefaultListableBeanFactory - Added singleton bean 'testBean' to primary cache
2025-03-17 20:12:04.918 [main] DEBUG c.c.b.f.s.DefaultListableBeanFactory - Found singleton bean 'testBean' in primary cache
2025-03-17 20:12:04.918 [main] DEBUG c.c.b.f.s.DefaultListableBeanFactory - Found singleton bean 'testBean' in primary cache
2025-03-17 20:12:04.919 [main] DEBUG c.c.b.f.s.DefaultListableBeanFactory - Registered bean definition for bean named 'testBean'
2025-03-17 20:12:04.919 [main] DEBUG c.c.b.f.support.SimpleAliasRegistry - Registered alias 'testBean1' for name 'testBean'
2025-03-17 20:12:04.919 [main] DEBUG c.c.b.f.support.SimpleAliasRegistry - Registered alias 'testBean2' for name 'testBean'
2025-03-17 20:12:04.919 [main] DEBUG c.c.b.f.s.DefaultListableBeanFactory - Created bean 'testBean' using default constructor
2025-03-17 20:12:04.919 [main] DEBUG c.c.b.f.s.DefaultListableBeanFactory - Added factory for singleton bean 'testBean' to third-level cache
2025-03-17 20:12:04.919 [main] DEBUG c.c.b.f.s.DefaultListableBeanFactory - Added singleton bean 'testBean' to primary cache
2025-03-17 20:12:04.919 [main] DEBUG c.c.b.f.s.DefaultListableBeanFactory - Found singleton bean 'testBean' in primary cache
2025-03-17 20:12:04.919 [main] DEBUG c.c.b.f.s.DefaultListableBeanFactory - Found singleton bean 'testBean' in primary cache
2025-03-17 20:12:04.920 [main] DEBUG c.c.b.f.support.SimpleAliasRegistry - Removed alias 'testBean1' for name 'testBean'
