2025-03-19 18:03:06.113 [main] DEBUG c.c.b.f.s.DefaultListableBeanFactory - Registered bean definition for bean named 'circularC'
2025-03-19 18:03:06.116 [main] DEBUG c.c.b.f.s.DefaultListableBeanFactory - Registered bean definition for bean named 'circularD'
2025-03-19 18:03:06.126 [main] DEBUG c.c.b.f.s.DefaultListableBeanFactory - Registered bean definition for bean named 'circularA'
2025-03-19 18:03:06.126 [main] DEBUG c.c.b.f.s.DefaultListableBeanFactory - Registered bean definition for bean named 'circularB'
2025-03-19 18:04:42.984 [main] DEBUG c.c.b.f.s.DefaultListableBeanFactory - Registered bean definition for bean named 'circularC'
2025-03-19 18:04:42.989 [main] DEBUG c.c.b.f.s.DefaultListableBeanFactory - Registered bean definition for bean named 'circularD'
2025-03-19 18:04:42.999 [main] DEBUG c.c.b.f.s.DefaultListableBeanFactory - Registered bean definition for bean named 'circularA'
2025-03-19 18:04:43.000 [main] DEBUG c.c.b.f.s.DefaultListableBeanFactory - Registered bean definition for bean named 'circularB'
2025-03-19 18:04:48.725 [main] DEBUG c.c.b.f.s.DefaultListableBeanFactory - Registered bean definition for bean named 'simpleService'
2025-03-19 18:04:48.730 [main] DEBUG c.c.b.f.s.DefaultListableBeanFactory - Registered bean definition for bean named 'simpleController'
2025-03-19 18:04:55.028 [main] DEBUG c.c.b.f.s.DefaultListableBeanFactory - Registered bean definition for bean named 'lifecycleBean'
2025-03-19 18:04:55.037 [main] DEBUG c.c.b.f.s.DefaultListableBeanFactory - Invoked destroy method 'destroy' on bean 'lifecycleBean'
2025-03-19 18:04:55.037 [main] DEBUG c.c.b.f.s.DefaultListableBeanFactory - Destroyed singleton bean 'lifecycleBean'
2025-03-19 18:04:55.045 [main] DEBUG c.c.b.f.s.DefaultListableBeanFactory - Registered bean definition for bean named 'testBean'
2025-03-19 18:04:55.046 [main] DEBUG c.c.b.f.s.DefaultListableBeanFactory - Registered bean definition for bean named 'testBean'
2025-03-19 18:04:55.046 [main] DEBUG c.c.b.f.support.SimpleAliasRegistry - Registered alias 'alias' for name 'testBean'
2025-03-19 18:04:55.046 [main] DEBUG c.c.b.f.s.DefaultListableBeanFactory - Registered alias 'alias' for bean 'testBean'
2025-03-19 18:04:55.046 [main] DEBUG c.c.b.f.s.DefaultListableBeanFactory - Registered bean definition for bean named 'anotherBean'
2025-03-19 18:04:55.048 [main] DEBUG c.c.b.f.support.SimpleAliasRegistry - Registered alias 'alias1' for name 'testBean'
2025-03-19 18:04:55.048 [main] DEBUG c.c.b.f.s.DefaultListableBeanFactory - Registered alias 'alias1' for bean 'testBean'
2025-03-19 18:04:55.048 [main] DEBUG c.c.b.f.support.SimpleAliasRegistry - Registered alias 'alias2' for name 'alias1'
2025-03-19 18:04:55.048 [main] DEBUG c.c.b.f.s.DefaultListableBeanFactory - Registered alias 'alias2' for bean 'alias1'
2025-03-19 18:04:55.051 [main] DEBUG c.c.b.f.s.DefaultListableBeanFactory - Registered bean definition for bean named 'testBean'
2025-03-19 18:04:55.053 [main] DEBUG c.c.b.f.s.DefaultListableBeanFactory - Registered bean definition for bean named 'testBean'
2025-03-19 18:04:55.054 [main] DEBUG c.c.b.f.support.SimpleAliasRegistry - Registered alias 'testBean1' for name 'testBean'
2025-03-19 18:04:55.054 [main] DEBUG c.c.b.f.s.DefaultListableBeanFactory - Registered alias 'testBean1' for bean 'testBean'
2025-03-19 18:04:55.054 [main] DEBUG c.c.b.f.support.SimpleAliasRegistry - Registered alias 'testBean2' for name 'testBean'
2025-03-19 18:04:55.054 [main] DEBUG c.c.b.f.s.DefaultListableBeanFactory - Registered alias 'testBean2' for bean 'testBean'
2025-03-19 18:04:55.054 [main] DEBUG c.c.b.f.support.SimpleAliasRegistry - Removed alias 'testBean1' for name 'testBean'
2025-03-19 18:04:55.055 [main] DEBUG c.c.b.f.s.DefaultListableBeanFactory - Removed alias 'testBean1' from bean factory
2025-03-19 18:04:59.297 [main] DEBUG c.c.b.f.s.DefaultListableBeanFactory - Registered bean definition for bean named 'simpleService'
2025-03-19 18:04:59.302 [main] DEBUG c.c.b.f.s.DefaultListableBeanFactory - Registered bean definition for bean named 'simpleController'
2025-03-19 18:04:59.310 [main] DEBUG c.c.b.f.s.DefaultListableBeanFactory - Registered bean definition for bean named 'simpleController'
2025-03-19 18:05:06.503 [main] DEBUG com.cong.core.io.ClassPathResource - Opened InputStream for class path resource [test.txt]
2025-03-19 18:05:06.516 [main] DEBUG com.cong.core.io.ClassPathResource - Opened InputStream for class path resource [com.cong.core.io.ClassPathResourceTest/test.txt]
2025-03-19 18:05:06.521 [main] DEBUG com.cong.core.io.ClassPathResource - Opened InputStream for class path resource [test.txt]
